DEBUG - 2025-10-07 00:29:26 --> Session: Class initialized using 'CodeIgniter\Session\Handlers\FileHandler' driver.
CRITICAL - 2025-10-07 00:35:13 --> ErrorException: Undefined variable $minuman
[Method: GET, Route: /]
in APPPATH\Views\v_front_end.php on line 346.
 1 APPPATH\Views\v_front_end.php(346): CodeIgniter\Debug\Exceptions->errorHandler(2, 'Undefined variable $minuman', 'C:\\xampp\\htdocs\\ci4_kedai54\\app\\Views\\v_front_end.php', 346)
 2 SYSTEMPATH\View\View.php(234): include('C:\\xampp\\htdocs\\ci4_kedai54\\app\\Views\\v_front_end.php')
 3 SYSTEMPATH\View\View.php(237): CodeIgniter\View\View->CodeIgniter\View\{closure}()
 4 SYSTEMPATH\Common.php(1171): CodeIgniter\View\View->render('v_front_end', [], true)
 5 APPPATH\Config\Routes.php(32): view('v_front_end')
 6 SYSTEMPATH\CodeIgniter.php(877): CodeIgniter\Router\RouteCollection->Config\{closure}()
 7 SYSTEMPATH\CodeIgniter.php(496): CodeIgniter\CodeIgniter->startController()
 8 SYSTEMPATH\CodeIgniter.php(355): CodeIgniter\CodeIgniter->handleRequest(null, Object(Config\Cache), false)
 9 SYSTEMPATH\Boot.php(334): CodeIgniter\CodeIgniter->run()
10 SYSTEMPATH\Boot.php(67): CodeIgniter\Boot::runCodeIgniter(Object(CodeIgniter\CodeIgniter))
11 FCPATH\index.php(56): CodeIgniter\Boot::bootWeb(Object(Config\Paths))
DEBUG - 2025-10-07 00:35:55 --> Session: Class initialized using 'CodeIgniter\Session\Handlers\FileHandler' driver.
DEBUG - 2025-10-07 01:33:47 --> Session: Class initialized using 'CodeIgniter\Session\Handlers\FileHandler' driver.
DEBUG - 2025-10-07 01:41:06 --> Session: Class initialized using 'CodeIgniter\Session\Handlers\FileHandler' driver.
DEBUG - 2025-10-07 01:42:14 --> Session: Class initialized using 'CodeIgniter\Session\Handlers\FileHandler' driver.
DEBUG - 2025-10-07 03:54:22 --> Session: Class initialized using 'CodeIgniter\Session\Handlers\FileHandler' driver.
DEBUG - 2025-10-07 03:54:31 --> Session: Class initialized using 'CodeIgniter\Session\Handlers\FileHandler' driver.
DEBUG - 2025-10-07 03:58:50 --> Session: Class initialized using 'CodeIgniter\Session\Handlers\FileHandler' driver.
